<?xml version="1.0" encoding="UTF-8"?>
<testng-results ignored="0" total="1" passed="1" failed="0" skipped="0">
  <reporter-output>
  </reporter-output>
  <suite started-at="2025-07-16T18:14:51 GMT-04:00" name="Default suite" finished-at="2025-07-16T18:15:11 GMT-04:00" duration-ms="19841">
    <groups>
    </groups>
    <test started-at="2025-07-16T18:14:51 GMT-04:00" name="Default test" finished-at="2025-07-16T18:15:11 GMT-04:00" duration-ms="19841">
      <class name="Framework.Tests.submitOrderTest">
        <test-method is-config="true" signature="launchApplication()[pri:0, instance:Framework.Tests.submitOrderTest@36ebc363]" started-at="2025-07-16T18:14:51 GMT-04:00" name="launchApplication" finished-at="2025-07-16T18:14:58 GMT-04:00" duration-ms="6789" status="PASS">
          <reporter-output>
          </reporter-output>
        </test-method> <!-- launchApplication -->
        <test-method signature="submitOrder()[pri:0, instance:Framework.Tests.submitOrderTest@36ebc363]" started-at="2025-07-16T18:14:58 GMT-04:00" name="submitOrder" finished-at="2025-07-16T18:15:10 GMT-04:00" duration-ms="12504" status="PASS">
          <reporter-output>
          </reporter-output>
        </test-method> <!-- submitOrder -->
        <test-method is-config="true" signature="closeDriver()[pri:0, instance:Framework.Tests.submitOrderTest@36ebc363]" started-at="2025-07-16T18:15:10 GMT-04:00" name="closeDriver" finished-at="2025-07-16T18:15:11 GMT-04:00" duration-ms="506" status="PASS">
          <reporter-output>
          </reporter-output>
        </test-method> <!-- closeDriver -->
      </class> <!-- Framework.Tests.submitOrderTest -->
    </test> <!-- Default test -->
  </suite> <!-- Default suite -->
</testng-results>
